<?xml version="1.0" encoding="UTF-8"?>
<testsuite xmlns:xsi="http://www.w3.org/2001/XMLSchema-instance" xsi:noNamespaceSchemaLocation="https://maven.apache.org/surefire/maven-surefire-plugin/xsd/surefire-test-report.xsd" name="com.tweetapp.tweet.TweetApplicationTests" time="38.294" tests="5" errors="0" skipped="0" failures="0">
  <properties>
[...]
</properties>
  <testcase name="testGetUserByUserId" classname="com.tweetapp.tweet.TweetApplicationTests" time="0.002"/>
  <testcase name="testGetUserByUserName" classname="com.tweetapp.tweet.TweetApplicationTests" time="0"/>
  <testcase name="testGetAllTweets" classname="com.tweetapp.tweet.TweetApplicationTests" time="0"/>
  <testcase name="contextLoads" classname="com.tweetapp.tweet.TweetApplicationTests" time="0"/>
  <testcase name="testGetUserIdByUserName" classname="com.tweetapp.tweet.TweetApplicationTests" time="0"/>
</testsuite>